-- Buoi11 TIM1 capture --
NVIC_ISER0=0
RCC_APB2ENR=2064
TIM1_CR1=1
TIM1_DIER=1
TIM1_SR=31
TIM1_CNT=106
GPIOC_ODR=8192
----
-- Buoi11 TIM1 capture --
NVIC_ISER0=0
RCC_APB2ENR=2064
TIM1_CR1=1
TIM1_DIER=1
TIM1_SR=31
TIM1_CNT=269
GPIOC_ODR=8192
----
-- Buoi11 TIM1 capture --
NVIC_ISER0=0
RCC_APB2ENR=2064
TIM1_CR1=1
TIM1_DIER=1
TIM1_SR=31
TIM1_CNT=419
GPIOC_ODR=8192
----
-- Buoi11 TIM1 capture --
NVIC_ISER0=0
RCC_APB2ENR=2064
TIM1_CR1=1
TIM1_DIER=1
TIM1_SR=31
TIM1_CNT=371
GPIOC_ODR=8192
----
-- Buoi11 TIM1 capture --
NVIC_ISER0=0
RCC_APB2ENR=2064
TIM1_CR1=1
TIM1_DIER=1
TIM1_SR=31
TIM1_CNT=53
GPIOC_ODR=8192
----
-- Buoi11 TIM1 capture --
NVIC_ISER0=0
RCC_APB2ENR=2064
TIM1_CR1=1
TIM1_DIER=1
TIM1_SR=31
TIM1_CNT=391
GPIOC_ODR=8192
----
-- Buoi11 TIM1 capture --
NVIC_ISER0=0
RCC_APB2ENR=2064
TIM1_CR1=1
TIM1_DIER=1
TIM1_SR=31
TIM1_CNT=320
GPIOC_ODR=8192
----
-- Buoi11 TIM1 capture --
NVIC_ISER0=0
RCC_APB2ENR=2064
TIM1_CR1=1
TIM1_DIER=1
TIM1_SR=31
TIM1_CNT=3
GPIOC_ODR=8192
----
-- Buoi11 TIM1 capture --
NVIC_ISER0=0x02000000
RCC_APB2ENR=0x00000810
TIM1_CR1=0x00000001
TIM1_DIER=0x00000001
TIM1_SR=0x0000001E
TIM1_CNT=0x00000092
GPIOC_ODR=0x00002000
----
-- Buoi11 TIM1 capture --
NVIC_ISER0=0x02000000
RCC_APB2ENR=0x00000810
TIM1_CR1=0x00000001
TIM1_DIER=0x00000001
TIM1_SR=0x0000001E
TIM1_CNT=0x000001D0
GPIOC_ODR=0x00000000
----
-- Buoi11 TIM1 capture --
NVIC_ISER0=0x02000000
RCC_APB2ENR=0x00000810
TIM1_CR1=0x00000001
TIM1_DIER=0x00000001
TIM1_SR=0x0000001F
TIM1_CNT=0x00000090
GPIOC_ODR=0x00002000
----
-- Buoi11 TIM1 capture --
NVIC_ISER0=0x02000000
RCC_APB2ENR=0x00000810
TIM1_CR1=0x00000001
TIM1_DIER=0x00000001
TIM1_SR=0x0000001E
TIM1_CNT=0x00000108
GPIOC_ODR=0x00000000
----
-- Buoi11 TIM1 capture --
NVIC_ISER0=0x02000000
RCC_APB2ENR=0x00000810
TIM1_CR1=0x00000001
TIM1_DIER=0x00000001
TIM1_SR=0x0000001E
TIM1_CNT=0x000001F3
GPIOC_ODR=0x00000000
----
-- Buoi11 TIM1 capture --
NVIC_ISER0=0x02000000
RCC_APB2ENR=0x00000810
TIM1_CR1=0x00000001
TIM1_DIER=0x00000001
TIM1_SR=0x0000001E
TIM1_CNT=0x00000188
GPIOC_ODR=0x00000000
----
-- Buoi11 TIM1 capture --
NVIC_ISER0=0x02000000
RCC_APB2ENR=0x00000810
TIM1_CR1=0x00000001
TIM1_DIER=0x00000001
TIM1_SR=0x0000001E
TIM1_CNT=0x00000141
GPIOC_ODR=0x00002000
----
-- Buoi11 TIM1 capture --
NVIC_ISER0=0x02000000
RCC_APB2ENR=0x00000810
TIM1_CR1=0x00000001
TIM1_DIER=0x00000001
TIM1_SR=0x0000001E
TIM1_CNT=0x0000017A
GPIOC_ODR=0x00000000
----
-- Buoi11 TIM1 capture --
NVIC_ISER0=0x02000000
RCC_APB2ENR=0x00000810
TIM1_CR1=0x00000001
TIM1_DIER=0x00000001
TIM1_SR=0x0000001E
TIM1_CNT=0x000001E5
GPIOC_ODR=0x00002000
----
-- Buoi11 TIM1 capture --
NVIC_ISER0=0x02000000
RCC_APB2ENR=0x00000810
TIM1_CR1=0x00000001
TIM1_DIER=0x00000001
TIM1_SR=0x0000001E
TIM1_CNT=0x0000005C
GPIOC_ODR=0x00002000
----
-- Buoi11 TIM1 capture --
NVIC_ISER0=0x02000000
RCC_APB2ENR=0x00000810
TIM1_CR1=0x00000001
TIM1_DIER=0x00000001
TIM1_SR=0x0000001E
TIM1_CNT=0x0000000C
GPIOC_ODR=0x00000000
----
